{"uid":"fa27b45a6104c6f","name":"test_run_fleet_home_page","fullName":"test_Suite_Controller.TestSuiteController#test_run_fleet_home_page","historyId":"699995675b7c4069ec7be3d50e80fbb4","time":{"start":1753860169793,"stop":1753860196939,"duration":27146},"status":"broken","statusMessage":"selenium.common.exceptions.TimeoutException: Message:","statusTrace":"self = <ProjectA_Regression.testCases.test_Suite_Controller.TestSuiteController object at 0x7d20f4ba4680>\n\n    @pytest.mark.order(5)\n    def test_run_fleet_home_page(self):\n        log = self.getLogger()\n        log.info(\"===== Suite Controller: Fleet Home Page =====\")\n    \n        home = Fleet_HomePage_Test()\n        home.driver = self.driver\n        home.test_validate_select_date_range()\n        home.test_validate_trips_card_present()\n        home.test_validate_distance_card()\n        home.test_validate_event_per_100_miles_card()\n        home.test_home_page_duration()\n>       home.test_home_page_recommended_events()   # Data related\n        ^^^^^^^^^^^^^^^^^^^^^^^^^^^^^^^^^^^^^^^^\n\ntest_Suite_Controller.py:70: \n_ _ _ _ _ _ _ _ _ _ _ _ _ _ _ _ _ _ _ _ _ _ _ _ _ _ _ _ _ _ _ _ _ _ _ _ _ _ _ _ _ _ _ _ _ _ _ _ _ _ _ _ _ _ _ _ _ _ _ _ _ _ _ _ _ _ _ _ _ _ _ _ _ _ _ _ _ _ _ _ _ _ _ _ _ _ _ _ _ _ _ _ _ _ _ _ _ _\ntest_F_1_HomePage.py:77: in test_home_page_recommended_events\n    assert fleet.validate_recommended_for_coaching(log), \"Recommended for Coaching card not displayed\"\n           ^^^^^^^^^^^^^^^^^^^^^^^^^^^^^^^^^^^^^^^^^^^^\n../pageObjects/F_1_HomePage.py:131: in validate_recommended_for_coaching\n    WebDriverWait(self.driver, 10).until(\n_ _ _ _ _ _ _ _ _ _ _ _ _ _ _ _ _ _ _ _ _ _ _ _ _ _ _ _ _ _ _ _ _ _ _ _ _ _ _ _ _ _ _ _ _ _ _ _ _ _ _ _ _ _ _ _ _ _ _ _ _ _ _ _ _ _ _ _ _ _ _ _ _ _ _ _ _ _ _ _ _ _ _ _ _ _ _ _ _ _ _ _ _ _ _ _ _ _\n\nself = <selenium.webdriver.support.wait.WebDriverWait (session=\"681a4e42882252bda863512177e7b278\")>, method = <function element_to_be_clickable.<locals>._predicate at 0x7d20f4a13920>\nmessage = ''\n\n    def until(self, method: Callable[[D], Union[Literal[False], T]], message: str = \"\") -> T:\n        \"\"\"Wait until the method returns a value that is not False.\n    \n        Calls the method provided with the driver as an argument until the\n        return value does not evaluate to ``False``.\n    \n        Parameters:\n        -----------\n        method: callable(WebDriver)\n            - A callable object that takes a WebDriver instance as an argument.\n    \n        message: str\n            - Optional message for :exc:`TimeoutException`\n    \n        Return:\n        -------\n        object: T\n            - The result of the last call to `method`\n    \n        Raises:\n        -------\n        TimeoutException\n            - If 'method' does not return a truthy value within the WebDriverWait\n            object's timeout\n    \n        Example:\n        --------\n        >>> from selenium.webdriver.common.by import By\n        >>> from selenium.webdriver.support.ui import WebDriverWait\n        >>> from selenium.webdriver.support import expected_conditions as EC\n    \n        # Wait until an element is visible on the page\n        >>> wait = WebDriverWait(driver, 10)\n        >>> element = wait.until(EC.visibility_of_element_located((By.ID, \"exampleId\")))\n        >>> print(element.text)\n        \"\"\"\n        screen = None\n        stacktrace = None\n    \n        end_time = time.monotonic() + self._timeout\n        while True:\n            try:\n                value = method(self._driver)\n                if value:\n                    return value\n            except self._ignored_exceptions as exc:\n                screen = getattr(exc, \"screen\", None)\n                stacktrace = getattr(exc, \"stacktrace\", None)\n            if time.monotonic() > end_time:\n                break\n            time.sleep(self._poll)\n>       raise TimeoutException(message, screen, stacktrace)\nE       selenium.common.exceptions.TimeoutException: Message:\n\n../../.venv/lib/python3.12/site-packages/selenium/webdriver/support/wait.py:138: TimeoutException","flaky":false,"newFailed":false,"newBroken":false,"newPassed":false,"retriesCount":0,"retriesStatusChange":false,"beforeStages":[{"name":"sensitive_url","time":{"start":1753860085601,"stop":1753860085601,"duration":0},"status":"passed","steps":[],"attachments":[],"parameters":[],"shouldDisplayMessage":false,"stepsCount":0,"attachmentsCount":0,"hasContent":false,"attachmentStep":false},{"name":"base_url","time":{"start":1753860085601,"stop":1753860085601,"duration":0},"status":"passed","steps":[],"attachments":[],"parameters":[],"shouldDisplayMessage":false,"stepsCount":0,"attachmentsCount":0,"hasContent":false,"attachmentStep":false},{"name":"_verify_url","time":{"start":1753860085601,"stop":1753860085601,"duration":0},"status":"passed","steps":[],"attachments":[],"parameters":[],"shouldDisplayMessage":false,"stepsCount":0,"attachmentsCount":0,"hasContent":false,"attachmentStep":false},{"name":"browser_driver","time":{"start":1753860085602,"stop":1753860091205,"duration":5603},"status":"passed","steps":[],"attachments":[],"parameters":[],"shouldDisplayMessage":false,"stepsCount":0,"attachmentsCount":0,"hasContent":false,"attachmentStep":false},{"name":"setup","time":{"start":1753860091206,"stop":1753860091206,"duration":0},"status":"passed","steps":[],"attachments":[],"parameters":[],"shouldDisplayMessage":false,"stepsCount":0,"attachmentsCount":0,"hasContent":false,"attachmentStep":false},{"name":"_skip_sensitive","time":{"start":1753860169792,"stop":1753860169793,"duration":1},"status":"passed","steps":[],"attachments":[],"parameters":[],"shouldDisplayMessage":false,"stepsCount":0,"attachmentsCount":0,"hasContent":false,"attachmentStep":false}],"testStage":{"status":"broken","statusMessage":"selenium.common.exceptions.TimeoutException: Message:","statusTrace":"self = <ProjectA_Regression.testCases.test_Suite_Controller.TestSuiteController object at 0x7d20f4ba4680>\n\n    @pytest.mark.order(5)\n    def test_run_fleet_home_page(self):\n        log = self.getLogger()\n        log.info(\"===== Suite Controller: Fleet Home Page =====\")\n    \n        home = Fleet_HomePage_Test()\n        home.driver = self.driver\n        home.test_validate_select_date_range()\n        home.test_validate_trips_card_present()\n        home.test_validate_distance_card()\n        home.test_validate_event_per_100_miles_card()\n        home.test_home_page_duration()\n>       home.test_home_page_recommended_events()   # Data related\n        ^^^^^^^^^^^^^^^^^^^^^^^^^^^^^^^^^^^^^^^^\n\ntest_Suite_Controller.py:70: \n_ _ _ _ _ _ _ _ _ _ _ _ _ _ _ _ _ _ _ _ _ _ _ _ _ _ _ _ _ _ _ _ _ _ _ _ _ _ _ _ _ _ _ _ _ _ _ _ _ _ _ _ _ _ _ _ _ _ _ _ _ _ _ _ _ _ _ _ _ _ _ _ _ _ _ _ _ _ _ _ _ _ _ _ _ _ _ _ _ _ _ _ _ _ _ _ _ _\ntest_F_1_HomePage.py:77: in test_home_page_recommended_events\n    assert fleet.validate_recommended_for_coaching(log), \"Recommended for Coaching card not displayed\"\n           ^^^^^^^^^^^^^^^^^^^^^^^^^^^^^^^^^^^^^^^^^^^^\n../pageObjects/F_1_HomePage.py:131: in validate_recommended_for_coaching\n    WebDriverWait(self.driver, 10).until(\n_ _ _ _ _ _ _ _ _ _ _ _ _ _ _ _ _ _ _ _ _ _ _ _ _ _ _ _ _ _ _ _ _ _ _ _ _ _ _ _ _ _ _ _ _ _ _ _ _ _ _ _ _ _ _ _ _ _ _ _ _ _ _ _ _ _ _ _ _ _ _ _ _ _ _ _ _ _ _ _ _ _ _ _ _ _ _ _ _ _ _ _ _ _ _ _ _ _\n\nself = <selenium.webdriver.support.wait.WebDriverWait (session=\"681a4e42882252bda863512177e7b278\")>, method = <function element_to_be_clickable.<locals>._predicate at 0x7d20f4a13920>\nmessage = ''\n\n    def until(self, method: Callable[[D], Union[Literal[False], T]], message: str = \"\") -> T:\n        \"\"\"Wait until the method returns a value that is not False.\n    \n        Calls the method provided with the driver as an argument until the\n        return value does not evaluate to ``False``.\n    \n        Parameters:\n        -----------\n        method: callable(WebDriver)\n            - A callable object that takes a WebDriver instance as an argument.\n    \n        message: str\n            - Optional message for :exc:`TimeoutException`\n    \n        Return:\n        -------\n        object: T\n            - The result of the last call to `method`\n    \n        Raises:\n        -------\n        TimeoutException\n            - If 'method' does not return a truthy value within the WebDriverWait\n            object's timeout\n    \n        Example:\n        --------\n        >>> from selenium.webdriver.common.by import By\n        >>> from selenium.webdriver.support.ui import WebDriverWait\n        >>> from selenium.webdriver.support import expected_conditions as EC\n    \n        # Wait until an element is visible on the page\n        >>> wait = WebDriverWait(driver, 10)\n        >>> element = wait.until(EC.visibility_of_element_located((By.ID, \"exampleId\")))\n        >>> print(element.text)\n        \"\"\"\n        screen = None\n        stacktrace = None\n    \n        end_time = time.monotonic() + self._timeout\n        while True:\n            try:\n                value = method(self._driver)\n                if value:\n                    return value\n            except self._ignored_exceptions as exc:\n                screen = getattr(exc, \"screen\", None)\n                stacktrace = getattr(exc, \"stacktrace\", None)\n            if time.monotonic() > end_time:\n                break\n            time.sleep(self._poll)\n>       raise TimeoutException(message, screen, stacktrace)\nE       selenium.common.exceptions.TimeoutException: Message:\n\n../../.venv/lib/python3.12/site-packages/selenium/webdriver/support/wait.py:138: TimeoutException","steps":[],"attachments":[{"uid":"97554af91802bad0","name":"log","source":"97554af91802bad0.txt","type":"text/plain","size":1604},{"uid":"7e7c3b212781d24f","name":"stdout","source":"7e7c3b212781d24f.txt","type":"text/plain","size":455}],"parameters":[],"shouldDisplayMessage":true,"stepsCount":0,"attachmentsCount":2,"hasContent":true,"attachmentStep":false},"afterStages":[{"name":"browser_driver::0","time":{"start":1753860309644,"stop":1753860309644,"duration":0},"status":"passed","steps":[],"attachments":[],"parameters":[],"shouldDisplayMessage":false,"stepsCount":0,"attachmentsCount":0,"hasContent":false,"attachmentStep":false}],"labels":[{"name":"tag","value":"order(5)"},{"name":"tag","value":"@pytest.mark.usefixtures('setup')"},{"name":"suite","value":"test_Suite_Controller"},{"name":"subSuite","value":"TestSuiteController"},{"name":"host","value":"user-ThinkPad-E14-Gen-4"},{"name":"thread","value":"18498-MainThread"},{"name":"framework","value":"pytest"},{"name":"language","value":"cpython3"},{"name":"package","value":"test_Suite_Controller"},{"name":"resultFormat","value":"allure2"}],"parameters":[],"links":[],"hidden":true,"retry":true,"extra":{"categories":[],"tags":["order(5)","@pytest.mark.usefixtures('setup')"]},"source":"fa27b45a6104c6f.json","parameterValues":[]}